{"/home/elkin/Projects/javascript/Geopack/scripts/DownloadAbility.js": {"path":"/home/elkin/Projects/javascript/Geopack/scripts/DownloadAbility.js","statementMap":{"0":{"start":{"line":6,"column":13},"end":{"line":6,"column":38}},"1":{"start":{"line":8,"column":0},"end":{"line":123,"column":1}},"2":{"start":{"line":10,"column":17},"end":{"line":30,"column":5}},"3":{"start":{"line":12,"column":22},"end":{"line":12,"column":24}},"4":{"start":{"line":13,"column":21},"end":{"line":13,"column":36}},"5":{"start":{"line":14,"column":8},"end":{"line":14,"column":29}},"6":{"start":{"line":15,"column":8},"end":{"line":18,"column":9}},"7":{"start":{"line":15,"column":21},"end":{"line":15,"column":22}},"8":{"start":{"line":16,"column":21},"end":{"line":16,"column":42}},"9":{"start":{"line":17,"column":10},"end":{"line":17,"column":29}},"10":{"start":{"line":19,"column":22},"end":{"line":19,"column":119}},"11":{"start":{"line":19,"column":37},"end":{"line":19,"column":105}},"12":{"start":{"line":19,"column":46},"end":{"line":19,"column":94}},"13":{"start":{"line":20,"column":19},"end":{"line":20,"column":75}},"14":{"start":{"line":21,"column":19},"end":{"line":21,"column":46}},"15":{"start":{"line":22,"column":18},"end":{"line":22,"column":43}},"16":{"start":{"line":23,"column":8},"end":{"line":23,"column":39}},"17":{"start":{"line":24,"column":8},"end":{"line":24,"column":90}},"18":{"start":{"line":25,"column":8},"end":{"line":25,"column":41}},"19":{"start":{"line":26,"column":8},"end":{"line":26,"column":40}},"20":{"start":{"line":27,"column":8},"end":{"line":27,"column":21}},"21":{"start":{"line":28,"column":8},"end":{"line":28,"column":40}},"22":{"start":{"line":31,"column":4},"end":{"line":31,"column":18}},"23":{"start":{"line":34,"column":4},"end":{"line":34,"column":25}},"24":{"start":{"line":35,"column":17},"end":{"line":119,"column":5}},"25":{"start":{"line":37,"column":22},"end":{"line":37,"column":24}},"26":{"start":{"line":38,"column":21},"end":{"line":38,"column":41}},"27":{"start":{"line":39,"column":21},"end":{"line":39,"column":41}},"28":{"start":{"line":40,"column":27},"end":{"line":40,"column":53}},"29":{"start":{"line":41,"column":35},"end":{"line":41,"column":70}},"30":{"start":{"line":42,"column":8},"end":{"line":106,"column":9}},"31":{"start":{"line":43,"column":10},"end":{"line":43,"column":48}},"32":{"start":{"line":46,"column":10},"end":{"line":87,"column":11}},"33":{"start":{"line":47,"column":12},"end":{"line":47,"column":69}},"34":{"start":{"line":48,"column":12},"end":{"line":48,"column":48}},"35":{"start":{"line":49,"column":12},"end":{"line":49,"column":55}},"36":{"start":{"line":50,"column":12},"end":{"line":50,"column":71}},"37":{"start":{"line":51,"column":12},"end":{"line":51,"column":33}},"38":{"start":{"line":53,"column":12},"end":{"line":65,"column":13}},"39":{"start":{"line":53,"column":25},"end":{"line":53,"column":26}},"40":{"start":{"line":54,"column":25},"end":{"line":54,"column":27}},"41":{"start":{"line":55,"column":14},"end":{"line":63,"column":16}},"42":{"start":{"line":56,"column":16},"end":{"line":56,"column":45}},"43":{"start":{"line":57,"column":16},"end":{"line":62,"column":17}},"44":{"start":{"line":58,"column":18},"end":{"line":58,"column":48}},"45":{"start":{"line":61,"column":18},"end":{"line":61,"column":48}},"46":{"start":{"line":64,"column":14},"end":{"line":64,"column":33}},"47":{"start":{"line":68,"column":12},"end":{"line":68,"column":60}},"48":{"start":{"line":69,"column":12},"end":{"line":69,"column":48}},"49":{"start":{"line":70,"column":12},"end":{"line":70,"column":55}},"50":{"start":{"line":71,"column":12},"end":{"line":71,"column":62}},"51":{"start":{"line":72,"column":12},"end":{"line":72,"column":33}},"52":{"start":{"line":74,"column":12},"end":{"line":86,"column":13}},"53":{"start":{"line":74,"column":25},"end":{"line":74,"column":26}},"54":{"start":{"line":75,"column":25},"end":{"line":75,"column":27}},"55":{"start":{"line":76,"column":14},"end":{"line":84,"column":16}},"56":{"start":{"line":77,"column":16},"end":{"line":77,"column":45}},"57":{"start":{"line":78,"column":16},"end":{"line":83,"column":17}},"58":{"start":{"line":79,"column":18},"end":{"line":79,"column":48}},"59":{"start":{"line":82,"column":18},"end":{"line":82,"column":48}},"60":{"start":{"line":85,"column":14},"end":{"line":85,"column":33}},"61":{"start":{"line":91,"column":10},"end":{"line":91,"column":31}},"62":{"start":{"line":92,"column":10},"end":{"line":104,"column":11}},"63":{"start":{"line":92,"column":23},"end":{"line":92,"column":24}},"64":{"start":{"line":93,"column":23},"end":{"line":93,"column":25}},"65":{"start":{"line":94,"column":12},"end":{"line":102,"column":14}},"66":{"start":{"line":95,"column":14},"end":{"line":95,"column":43}},"67":{"start":{"line":96,"column":14},"end":{"line":101,"column":15}},"68":{"start":{"line":97,"column":16},"end":{"line":97,"column":46}},"69":{"start":{"line":100,"column":16},"end":{"line":100,"column":46}},"70":{"start":{"line":103,"column":12},"end":{"line":103,"column":31}},"71":{"start":{"line":108,"column":22},"end":{"line":108,"column":119}},"72":{"start":{"line":108,"column":37},"end":{"line":108,"column":105}},"73":{"start":{"line":108,"column":46},"end":{"line":108,"column":94}},"74":{"start":{"line":109,"column":19},"end":{"line":109,"column":75}},"75":{"start":{"line":110,"column":19},"end":{"line":110,"column":46}},"76":{"start":{"line":111,"column":18},"end":{"line":111,"column":43}},"77":{"start":{"line":112,"column":8},"end":{"line":112,"column":39}},"78":{"start":{"line":113,"column":8},"end":{"line":113,"column":90}},"79":{"start":{"line":114,"column":8},"end":{"line":114,"column":41}},"80":{"start":{"line":115,"column":8},"end":{"line":115,"column":40}},"81":{"start":{"line":116,"column":8},"end":{"line":116,"column":21}},"82":{"start":{"line":117,"column":8},"end":{"line":117,"column":40}},"83":{"start":{"line":120,"column":4},"end":{"line":120,"column":18}}},"fnMap":{"0":{"name":"(anonymous_0)","decl":{"start":{"line":9,"column":14},"end":{"line":9,"column":15}},"loc":{"start":{"line":9,"column":66},"end":{"line":32,"column":3}},"line":9},"1":{"name":"(anonymous_1)","decl":{"start":{"line":11,"column":114},"end":{"line":11,"column":115}},"loc":{"start":{"line":11,"column":124},"end":{"line":29,"column":9}},"line":11},"2":{"name":"(anonymous_2)","decl":{"start":{"line":19,"column":34},"end":{"line":19,"column":35}},"loc":{"start":{"line":19,"column":37},"end":{"line":19,"column":105}},"line":19},"3":{"name":"(anonymous_3)","decl":{"start":{"line":19,"column":43},"end":{"line":19,"column":44}},"loc":{"start":{"line":19,"column":46},"end":{"line":19,"column":94}},"line":19},"4":{"name":"(anonymous_4)","decl":{"start":{"line":33,"column":20},"end":{"line":33,"column":21}},"loc":{"start":{"line":33,"column":49},"end":{"line":121,"column":3}},"line":33},"5":{"name":"(anonymous_5)","decl":{"start":{"line":36,"column":114},"end":{"line":36,"column":115}},"loc":{"start":{"line":36,"column":124},"end":{"line":118,"column":9}},"line":36},"6":{"name":"(anonymous_6)","decl":{"start":{"line":55,"column":29},"end":{"line":55,"column":30}},"loc":{"start":{"line":55,"column":40},"end":{"line":63,"column":15}},"line":55},"7":{"name":"(anonymous_7)","decl":{"start":{"line":76,"column":29},"end":{"line":76,"column":30}},"loc":{"start":{"line":76,"column":40},"end":{"line":84,"column":15}},"line":76},"8":{"name":"(anonymous_8)","decl":{"start":{"line":94,"column":27},"end":{"line":94,"column":28}},"loc":{"start":{"line":94,"column":38},"end":{"line":102,"column":13}},"line":94},"9":{"name":"(anonymous_9)","decl":{"start":{"line":108,"column":34},"end":{"line":108,"column":35}},"loc":{"start":{"line":108,"column":37},"end":{"line":108,"column":105}},"line":108},"10":{"name":"(anonymous_10)","decl":{"start":{"line":108,"column":43},"end":{"line":108,"column":44}},"loc":{"start":{"line":108,"column":46},"end":{"line":108,"column":94}},"line":108}},"branchMap":{"0":{"loc":{"start":{"line":19,"column":52},"end":{"line":19,"column":57}},"type":"binary-expr","locations":[{"start":{"line":19,"column":52},"end":{"line":19,"column":53}},{"start":{"line":19,"column":55},"end":{"line":19,"column":57}}],"line":19},"1":{"loc":{"start":{"line":42,"column":8},"end":{"line":106,"column":9}},"type":"if","locations":[{"start":{"line":42,"column":8},"end":{"line":106,"column":9}},{"start":{"line":42,"column":8},"end":{"line":106,"column":9}}],"line":42},"2":{"loc":{"start":{"line":46,"column":10},"end":{"line":87,"column":11}},"type":"if","locations":[{"start":{"line":46,"column":10},"end":{"line":87,"column":11}},{"start":{"line":46,"column":10},"end":{"line":87,"column":11}}],"line":46},"3":{"loc":{"start":{"line":57,"column":16},"end":{"line":62,"column":17}},"type":"if","locations":[{"start":{"line":57,"column":16},"end":{"line":62,"column":17}},{"start":{"line":57,"column":16},"end":{"line":62,"column":17}}],"line":57},"4":{"loc":{"start":{"line":78,"column":16},"end":{"line":83,"column":17}},"type":"if","locations":[{"start":{"line":78,"column":16},"end":{"line":83,"column":17}},{"start":{"line":78,"column":16},"end":{"line":83,"column":17}}],"line":78},"5":{"loc":{"start":{"line":96,"column":14},"end":{"line":101,"column":15}},"type":"if","locations":[{"start":{"line":96,"column":14},"end":{"line":101,"column":15}},{"start":{"line":96,"column":14},"end":{"line":101,"column":15}}],"line":96},"6":{"loc":{"start":{"line":108,"column":52},"end":{"line":108,"column":57}},"type":"binary-expr","locations":[{"start":{"line":108,"column":52},"end":{"line":108,"column":53}},{"start":{"line":108,"column":55},"end":{"line":108,"column":57}}],"line":108}},"s":{"0":3,"1":3,"2":0,"3":0,"4":0,"5":0,"6":0,"7":0,"8":0,"9":0,"10":0,"11":0,"12":0,"13":0,"14":0,"15":0,"16":0,"17":0,"18":0,"19":0,"20":0,"21":0,"22":0,"23":0,"24":0,"25":0,"26":0,"27":0,"28":0,"29":0,"30":0,"31":0,"32":0,"33":0,"34":0,"35":0,"36":0,"37":0,"38":0,"39":0,"40":0,"41":0,"42":0,"43":0,"44":0,"45":0,"46":0,"47":0,"48":0,"49":0,"50":0,"51":0,"52":0,"53":0,"54":0,"55":0,"56":0,"57":0,"58":0,"59":0,"60":0,"61":0,"62":0,"63":0,"64":0,"65":0,"66":0,"67":0,"68":0,"69":0,"70":0,"71":0,"72":0,"73":0,"74":0,"75":0,"76":0,"77":0,"78":0,"79":0,"80":0,"81":0,"82":0,"83":0},"f":{"0":0,"1":0,"2":0,"3":0,"4":0,"5":0,"6":0,"7":0,"8":0,"9":0,"10":0},"b":{"0":[0,0],"1":[0,0],"2":[0,0],"3":[0,0],"4":[0,0],"5":[0,0],"6":[0,0]},"_coverageSchema":"1a1c01bbd47fc00a2c39e90264f33305004495a9","hash":"e171fb63e6b1ceac2e76e24e7a784123f3979737"}
,"/home/elkin/Projects/javascript/Geopack/scripts/Geoglows.js": {"path":"/home/elkin/Projects/javascript/Geopack/scripts/Geoglows.js","statementMap":{"0":{"start":{"line":13,"column":15},"end":{"line":13,"column":39}},"1":{"start":{"line":14,"column":15},"end":{"line":14,"column":41}},"2":{"start":{"line":15,"column":15},"end":{"line":15,"column":39}},"3":{"start":{"line":24,"column":2},"end":{"line":28,"column":3}}},"fnMap":{},"branchMap":{},"s":{"0":1,"1":1,"2":1,"3":1},"f":{},"b":{},"_coverageSchema":"1a1c01bbd47fc00a2c39e90264f33305004495a9","hash":"5ad895d6ed99a2ec6cdb0e725c4b761d0ce766ac"}
,"/home/elkin/Projects/javascript/Geopack/scripts/forecast.js": {"path":"/home/elkin/Projects/javascript/Geopack/scripts/forecast.js","statementMap":{"0":{"start":{"line":7,"column":13},"end":{"line":7,"column":38}},"1":{"start":{"line":8,"column":8},"end":{"line":8,"column":25}},"2":{"start":{"line":9,"column":13},"end":{"line":9,"column":44}},"3":{"start":{"line":10,"column":9},"end":{"line":10,"column":26}},"4":{"start":{"line":11,"column":18},"end":{"line":11,"column":40}},"5":{"start":{"line":12,"column":18},"end":{"line":12,"column":47}},"6":{"start":{"line":17,"column":13},"end":{"line":17,"column":39}},"7":{"start":{"line":20,"column":0},"end":{"line":480,"column":1}},"8":{"start":{"line":22,"column":2},"end":{"line":22,"column":56}},"9":{"start":{"line":23,"column":2},"end":{"line":23,"column":59}},"10":{"start":{"line":24,"column":2},"end":{"line":24,"column":75}},"11":{"start":{"line":25,"column":2},"end":{"line":25,"column":49}},"12":{"start":{"line":26,"column":14},"end":{"line":26,"column":38}},"13":{"start":{"line":27,"column":15},"end":{"line":27,"column":119}},"14":{"start":{"line":29,"column":15},"end":{"line":29,"column":17}},"15":{"start":{"line":31,"column":16},"end":{"line":31,"column":85}},"16":{"start":{"line":32,"column":4},"end":{"line":101,"column":7}},"17":{"start":{"line":36,"column":8},"end":{"line":36,"column":26}},"18":{"start":{"line":37,"column":34},"end":{"line":37,"column":53}},"19":{"start":{"line":38,"column":25},"end":{"line":38,"column":56}},"20":{"start":{"line":39,"column":8},"end":{"line":39,"column":33}},"21":{"start":{"line":41,"column":8},"end":{"line":41,"column":53}},"22":{"start":{"line":43,"column":8},"end":{"line":43,"column":38}},"23":{"start":{"line":44,"column":8},"end":{"line":44,"column":43}},"24":{"start":{"line":46,"column":29},"end":{"line":46,"column":61}},"25":{"start":{"line":47,"column":21},"end":{"line":47,"column":28}},"26":{"start":{"line":48,"column":20},"end":{"line":48,"column":72}},"27":{"start":{"line":49,"column":8},"end":{"line":49,"column":99}},"28":{"start":{"line":52,"column":28},"end":{"line":63,"column":9}},"29":{"start":{"line":65,"column":19},"end":{"line":65,"column":34}},"30":{"start":{"line":68,"column":22},"end":{"line":88,"column":10}},"31":{"start":{"line":91,"column":9},"end":{"line":91,"column":35}},"32":{"start":{"line":92,"column":9},"end":{"line":92,"column":58}},"33":{"start":{"line":93,"column":21},"end":{"line":93,"column":39}},"34":{"start":{"line":94,"column":9},"end":{"line":96,"column":10}},"35":{"start":{"line":104,"column":4},"end":{"line":104,"column":58}},"36":{"start":{"line":105,"column":4},"end":{"line":105,"column":61}},"37":{"start":{"line":106,"column":4},"end":{"line":106,"column":77}},"38":{"start":{"line":107,"column":4},"end":{"line":107,"column":140}},"39":{"start":{"line":107,"column":122},"end":{"line":107,"column":137}},"40":{"start":{"line":108,"column":16},"end":{"line":108,"column":40}},"41":{"start":{"line":109,"column":17},"end":{"line":109,"column":31}},"42":{"start":{"line":111,"column":17},"end":{"line":111,"column":19}},"43":{"start":{"line":112,"column":23},"end":{"line":112,"column":25}},"44":{"start":{"line":113,"column":25},"end":{"line":113,"column":54}},"45":{"start":{"line":115,"column":18},"end":{"line":115,"column":89}},"46":{"start":{"line":116,"column":4},"end":{"line":238,"column":7}},"47":{"start":{"line":121,"column":34},"end":{"line":121,"column":53}},"48":{"start":{"line":122,"column":25},"end":{"line":122,"column":56}},"49":{"start":{"line":123,"column":34},"end":{"line":123,"column":74}},"50":{"start":{"line":125,"column":8},"end":{"line":125,"column":34}},"51":{"start":{"line":126,"column":8},"end":{"line":126,"column":47}},"52":{"start":{"line":128,"column":33},"end":{"line":128,"column":65}},"53":{"start":{"line":129,"column":8},"end":{"line":133,"column":11}},"54":{"start":{"line":130,"column":10},"end":{"line":132,"column":11}},"55":{"start":{"line":131,"column":12},"end":{"line":131,"column":70}},"56":{"start":{"line":134,"column":8},"end":{"line":134,"column":38}},"57":{"start":{"line":135,"column":8},"end":{"line":135,"column":43}},"58":{"start":{"line":140,"column":37},"end":{"line":140,"column":69}},"59":{"start":{"line":141,"column":16},"end":{"line":141,"column":18}},"60":{"start":{"line":142,"column":25},"end":{"line":142,"column":29}},"61":{"start":{"line":143,"column":29},"end":{"line":143,"column":31}},"62":{"start":{"line":144,"column":22},"end":{"line":144,"column":28}},"63":{"start":{"line":146,"column":28},"end":{"line":146,"column":29}},"64":{"start":{"line":147,"column":7},"end":{"line":161,"column":8}},"65":{"start":{"line":148,"column":9},"end":{"line":148,"column":39}},"66":{"start":{"line":149,"column":9},"end":{"line":149,"column":31}},"67":{"start":{"line":150,"column":26},"end":{"line":157,"column":10}},"68":{"start":{"line":158,"column":9},"end":{"line":158,"column":33}},"69":{"start":{"line":159,"column":9},"end":{"line":159,"column":28}},"70":{"start":{"line":163,"column":7},"end":{"line":208,"column":9}},"71":{"start":{"line":164,"column":9},"end":{"line":164,"column":45}},"72":{"start":{"line":165,"column":9},"end":{"line":206,"column":10}},"73":{"start":{"line":167,"column":30},"end":{"line":167,"column":46}},"74":{"start":{"line":168,"column":11},"end":{"line":204,"column":12}},"75":{"start":{"line":169,"column":32},"end":{"line":180,"column":14}},"76":{"start":{"line":181,"column":13},"end":{"line":181,"column":39}},"77":{"start":{"line":184,"column":13},"end":{"line":186,"column":14}},"78":{"start":{"line":185,"column":15},"end":{"line":185,"column":54}},"79":{"start":{"line":188,"column":13},"end":{"line":188,"column":63}},"80":{"start":{"line":191,"column":32},"end":{"line":198,"column":14}},"81":{"start":{"line":199,"column":13},"end":{"line":199,"column":39}},"82":{"start":{"line":201,"column":13},"end":{"line":201,"column":65}},"83":{"start":{"line":202,"column":13},"end":{"line":202,"column":66}},"84":{"start":{"line":209,"column":7},"end":{"line":209,"column":72}},"85":{"start":{"line":211,"column":22},"end":{"line":231,"column":10}},"86":{"start":{"line":234,"column":9},"end":{"line":234,"column":35}},"87":{"start":{"line":235,"column":9},"end":{"line":235,"column":58}},"88":{"start":{"line":241,"column":4},"end":{"line":241,"column":58}},"89":{"start":{"line":242,"column":4},"end":{"line":242,"column":61}},"90":{"start":{"line":243,"column":4},"end":{"line":243,"column":77}},"91":{"start":{"line":244,"column":4},"end":{"line":244,"column":51}},"92":{"start":{"line":245,"column":16},"end":{"line":245,"column":40}},"93":{"start":{"line":246,"column":17},"end":{"line":246,"column":19}},"94":{"start":{"line":248,"column":17},"end":{"line":248,"column":19}},"95":{"start":{"line":249,"column":23},"end":{"line":249,"column":25}},"96":{"start":{"line":250,"column":17},"end":{"line":250,"column":19}},"97":{"start":{"line":251,"column":25},"end":{"line":251,"column":50}},"98":{"start":{"line":253,"column":18},"end":{"line":253,"column":85}},"99":{"start":{"line":254,"column":4},"end":{"line":477,"column":7}},"100":{"start":{"line":258,"column":8},"end":{"line":258,"column":37}},"101":{"start":{"line":259,"column":8},"end":{"line":259,"column":44}},"102":{"start":{"line":260,"column":8},"end":{"line":260,"column":54}},"103":{"start":{"line":261,"column":23},"end":{"line":261,"column":92}},"104":{"start":{"line":262,"column":8},"end":{"line":475,"column":8}},"105":{"start":{"line":266,"column":12},"end":{"line":266,"column":44}},"106":{"start":{"line":267,"column":14},"end":{"line":267,"column":32}},"107":{"start":{"line":268,"column":25},"end":{"line":268,"column":27}},"108":{"start":{"line":269,"column":26},"end":{"line":269,"column":28}},"109":{"start":{"line":270,"column":14},"end":{"line":273,"column":15}},"110":{"start":{"line":270,"column":26},"end":{"line":270,"column":67}},"111":{"start":{"line":271,"column":16},"end":{"line":271,"column":64}},"112":{"start":{"line":272,"column":16},"end":{"line":272,"column":61}},"113":{"start":{"line":275,"column":14},"end":{"line":275,"column":44}},"114":{"start":{"line":276,"column":14},"end":{"line":276,"column":49}},"115":{"start":{"line":277,"column":37},"end":{"line":286,"column":15}},"116":{"start":{"line":287,"column":22},"end":{"line":298,"column":15}},"117":{"start":{"line":299,"column":29},"end":{"line":309,"column":15}},"118":{"start":{"line":310,"column":22},"end":{"line":320,"column":15}},"119":{"start":{"line":322,"column":25},"end":{"line":333,"column":15}},"120":{"start":{"line":334,"column":29},"end":{"line":344,"column":15}},"121":{"start":{"line":345,"column":25},"end":{"line":355,"column":15}},"122":{"start":{"line":357,"column":23},"end":{"line":366,"column":15}},"123":{"start":{"line":368,"column":26},"end":{"line":377,"column":15}},"124":{"start":{"line":378,"column":14},"end":{"line":378,"column":46}},"125":{"start":{"line":379,"column":14},"end":{"line":379,"column":33}},"126":{"start":{"line":380,"column":14},"end":{"line":380,"column":39}},"127":{"start":{"line":381,"column":14},"end":{"line":381,"column":33}},"128":{"start":{"line":382,"column":14},"end":{"line":382,"column":36}},"129":{"start":{"line":383,"column":14},"end":{"line":383,"column":39}},"130":{"start":{"line":384,"column":14},"end":{"line":384,"column":36}},"131":{"start":{"line":385,"column":14},"end":{"line":385,"column":34}},"132":{"start":{"line":386,"column":14},"end":{"line":386,"column":37}},"133":{"start":{"line":388,"column":14},"end":{"line":388,"column":53}},"134":{"start":{"line":389,"column":14},"end":{"line":389,"column":72}},"135":{"start":{"line":390,"column":14},"end":{"line":390,"column":72}},"136":{"start":{"line":391,"column":14},"end":{"line":391,"column":72}},"137":{"start":{"line":392,"column":14},"end":{"line":392,"column":72}},"138":{"start":{"line":393,"column":14},"end":{"line":393,"column":72}},"139":{"start":{"line":394,"column":14},"end":{"line":394,"column":66}},"140":{"start":{"line":395,"column":14},"end":{"line":395,"column":60}},"141":{"start":{"line":397,"column":14},"end":{"line":397,"column":44}},"142":{"start":{"line":398,"column":14},"end":{"line":398,"column":49}},"143":{"start":{"line":399,"column":14},"end":{"line":399,"column":79}},"144":{"start":{"line":400,"column":29},"end":{"line":400,"column":66}},"145":{"start":{"line":401,"column":14},"end":{"line":401,"column":39}},"146":{"start":{"line":402,"column":14},"end":{"line":402,"column":36}},"147":{"start":{"line":403,"column":14},"end":{"line":471,"column":15}},"148":{"start":{"line":404,"column":33},"end":{"line":404,"column":98}},"149":{"start":{"line":406,"column":18},"end":{"line":445,"column":20}},"150":{"start":{"line":413,"column":22},"end":{"line":413,"column":67}},"151":{"start":{"line":414,"column":22},"end":{"line":419,"column":23}},"152":{"start":{"line":415,"column":24},"end":{"line":415,"column":84}},"153":{"start":{"line":418,"column":24},"end":{"line":418,"column":84}},"154":{"start":{"line":421,"column":35},"end":{"line":440,"column":23}},"155":{"start":{"line":442,"column":22},"end":{"line":442,"column":48}},"156":{"start":{"line":443,"column":22},"end":{"line":443,"column":75}},"157":{"start":{"line":448,"column":29},"end":{"line":467,"column":17}},"158":{"start":{"line":469,"column":16},"end":{"line":469,"column":42}},"159":{"start":{"line":470,"column":16},"end":{"line":470,"column":69}}},"fnMap":{"0":{"name":"(anonymous_0)","decl":{"start":{"line":21,"column":12},"end":{"line":21,"column":13}},"loc":{"start":{"line":21,"column":65},"end":{"line":102,"column":3}},"line":21},"1":{"name":"(anonymous_1)","decl":{"start":{"line":35,"column":15},"end":{"line":35,"column":16}},"loc":{"start":{"line":35,"column":30},"end":{"line":50,"column":5}},"line":35},"2":{"name":"(anonymous_2)","decl":{"start":{"line":51,"column":14},"end":{"line":51,"column":15}},"loc":{"start":{"line":51,"column":25},"end":{"line":100,"column":7}},"line":51},"3":{"name":"(anonymous_3)","decl":{"start":{"line":103,"column":19},"end":{"line":103,"column":20}},"loc":{"start":{"line":103,"column":83},"end":{"line":239,"column":3}},"line":103},"4":{"name":"(anonymous_4)","decl":{"start":{"line":107,"column":106},"end":{"line":107,"column":107}},"loc":{"start":{"line":107,"column":121},"end":{"line":107,"column":138}},"line":107},"5":{"name":"(anonymous_5)","decl":{"start":{"line":119,"column":15},"end":{"line":119,"column":16}},"loc":{"start":{"line":119,"column":30},"end":{"line":138,"column":5}},"line":119},"6":{"name":"(anonymous_6)","decl":{"start":{"line":129,"column":33},"end":{"line":129,"column":34}},"loc":{"start":{"line":129,"column":44},"end":{"line":133,"column":9}},"line":129},"7":{"name":"(anonymous_7)","decl":{"start":{"line":139,"column":14},"end":{"line":139,"column":15}},"loc":{"start":{"line":139,"column":25},"end":{"line":237,"column":7}},"line":139},"8":{"name":"(anonymous_8)","decl":{"start":{"line":163,"column":37},"end":{"line":163,"column":38}},"loc":{"start":{"line":163,"column":48},"end":{"line":208,"column":8}},"line":163},"9":{"name":"(anonymous_9)","decl":{"start":{"line":240,"column":14},"end":{"line":240,"column":15}},"loc":{"start":{"line":240,"column":66},"end":{"line":479,"column":3}},"line":240},"10":{"name":"(anonymous_10)","decl":{"start":{"line":257,"column":15},"end":{"line":257,"column":16}},"loc":{"start":{"line":257,"column":30},"end":{"line":476,"column":5}},"line":257},"11":{"name":"(anonymous_11)","decl":{"start":{"line":265,"column":19},"end":{"line":265,"column":20}},"loc":{"start":{"line":265,"column":34},"end":{"line":474,"column":9}},"line":265},"12":{"name":"(anonymous_12)","decl":{"start":{"line":412,"column":29},"end":{"line":412,"column":30}},"loc":{"start":{"line":412,"column":45},"end":{"line":444,"column":23}},"line":412}},"branchMap":{"0":{"loc":{"start":{"line":22,"column":10},"end":{"line":22,"column":55}},"type":"cond-expr","locations":[{"start":{"line":22,"column":44},"end":{"line":22,"column":49}},{"start":{"line":22,"column":52},"end":{"line":22,"column":55}}],"line":22},"1":{"loc":{"start":{"line":23,"column":11},"end":{"line":23,"column":58}},"type":"cond-expr","locations":[{"start":{"line":23,"column":46},"end":{"line":23,"column":52}},{"start":{"line":23,"column":55},"end":{"line":23,"column":58}}],"line":23},"2":{"loc":{"start":{"line":24,"column":10},"end":{"line":24,"column":74}},"type":"cond-expr","locations":[{"start":{"line":24,"column":44},"end":{"line":24,"column":49}},{"start":{"line":24,"column":52},"end":{"line":24,"column":74}}],"line":24},"3":{"loc":{"start":{"line":25,"column":7},"end":{"line":25,"column":48}},"type":"cond-expr","locations":[{"start":{"line":25,"column":38},"end":{"line":25,"column":40}},{"start":{"line":25,"column":43},"end":{"line":25,"column":48}}],"line":25},"4":{"loc":{"start":{"line":94,"column":9},"end":{"line":96,"column":10}},"type":"if","locations":[{"start":{"line":94,"column":9},"end":{"line":96,"column":10}},{"start":{"line":94,"column":9},"end":{"line":96,"column":10}}],"line":94},"5":{"loc":{"start":{"line":104,"column":12},"end":{"line":104,"column":57}},"type":"cond-expr","locations":[{"start":{"line":104,"column":46},"end":{"line":104,"column":51}},{"start":{"line":104,"column":54},"end":{"line":104,"column":57}}],"line":104},"6":{"loc":{"start":{"line":105,"column":13},"end":{"line":105,"column":60}},"type":"cond-expr","locations":[{"start":{"line":105,"column":48},"end":{"line":105,"column":54}},{"start":{"line":105,"column":57},"end":{"line":105,"column":60}}],"line":105},"7":{"loc":{"start":{"line":106,"column":12},"end":{"line":106,"column":76}},"type":"cond-expr","locations":[{"start":{"line":106,"column":46},"end":{"line":106,"column":51}},{"start":{"line":106,"column":54},"end":{"line":106,"column":76}}],"line":106},"8":{"loc":{"start":{"line":107,"column":20},"end":{"line":107,"column":139}},"type":"cond-expr","locations":[{"start":{"line":107,"column":58},"end":{"line":107,"column":71}},{"start":{"line":107,"column":73},"end":{"line":107,"column":139}}],"line":107},"9":{"loc":{"start":{"line":130,"column":10},"end":{"line":132,"column":11}},"type":"if","locations":[{"start":{"line":130,"column":10},"end":{"line":132,"column":11}},{"start":{"line":130,"column":10},"end":{"line":132,"column":11}}],"line":130},"10":{"loc":{"start":{"line":130,"column":13},"end":{"line":130,"column":56}},"type":"binary-expr","locations":[{"start":{"line":130,"column":13},"end":{"line":130,"column":29}},{"start":{"line":130,"column":33},"end":{"line":130,"column":56}}],"line":130},"11":{"loc":{"start":{"line":147,"column":7},"end":{"line":161,"column":8}},"type":"if","locations":[{"start":{"line":147,"column":7},"end":{"line":161,"column":8}},{"start":{"line":147,"column":7},"end":{"line":161,"column":8}}],"line":147},"12":{"loc":{"start":{"line":165,"column":9},"end":{"line":206,"column":10}},"type":"if","locations":[{"start":{"line":165,"column":9},"end":{"line":206,"column":10}},{"start":{"line":165,"column":9},"end":{"line":206,"column":10}}],"line":165},"13":{"loc":{"start":{"line":168,"column":11},"end":{"line":204,"column":12}},"type":"if","locations":[{"start":{"line":168,"column":11},"end":{"line":204,"column":12}},{"start":{"line":168,"column":11},"end":{"line":204,"column":12}}],"line":168},"14":{"loc":{"start":{"line":184,"column":13},"end":{"line":186,"column":14}},"type":"if","locations":[{"start":{"line":184,"column":13},"end":{"line":186,"column":14}},{"start":{"line":184,"column":13},"end":{"line":186,"column":14}}],"line":184},"15":{"loc":{"start":{"line":241,"column":12},"end":{"line":241,"column":57}},"type":"cond-expr","locations":[{"start":{"line":241,"column":46},"end":{"line":241,"column":51}},{"start":{"line":241,"column":54},"end":{"line":241,"column":57}}],"line":241},"16":{"loc":{"start":{"line":242,"column":13},"end":{"line":242,"column":60}},"type":"cond-expr","locations":[{"start":{"line":242,"column":48},"end":{"line":242,"column":54}},{"start":{"line":242,"column":57},"end":{"line":242,"column":60}}],"line":242},"17":{"loc":{"start":{"line":243,"column":12},"end":{"line":243,"column":76}},"type":"cond-expr","locations":[{"start":{"line":243,"column":46},"end":{"line":243,"column":51}},{"start":{"line":243,"column":54},"end":{"line":243,"column":76}}],"line":243},"18":{"loc":{"start":{"line":244,"column":9},"end":{"line":244,"column":50}},"type":"cond-expr","locations":[{"start":{"line":244,"column":40},"end":{"line":244,"column":42}},{"start":{"line":244,"column":45},"end":{"line":244,"column":50}}],"line":244},"19":{"loc":{"start":{"line":403,"column":14},"end":{"line":471,"column":15}},"type":"if","locations":[{"start":{"line":403,"column":14},"end":{"line":471,"column":15}},{"start":{"line":403,"column":14},"end":{"line":471,"column":15}}],"line":403},"20":{"loc":{"start":{"line":414,"column":22},"end":{"line":419,"column":23}},"type":"if","locations":[{"start":{"line":414,"column":22},"end":{"line":419,"column":23}},{"start":{"line":414,"column":22},"end":{"line":419,"column":23}}],"line":414}},"s":{"0":1,"1":1,"2":1,"3":1,"4":1,"5":1,"6":1,"7":1,"8":0,"9":0,"10":0,"11":0,"12":0,"13":0,"14":0,"15":0,"16":0,"17":0,"18":0,"19":0,"20":0,"21":0,"22":0,"23":0,"24":0,"25":0,"26":0,"27":0,"28":0,"29":0,"30":0,"31":0,"32":0,"33":0,"34":0,"35":0,"36":0,"37":0,"38":0,"39":0,"40":0,"41":0,"42":0,"43":0,"44":0,"45":0,"46":0,"47":0,"48":0,"49":0,"50":0,"51":0,"52":0,"53":0,"54":0,"55":0,"56":0,"57":0,"58":0,"59":0,"60":0,"61":0,"62":0,"63":0,"64":0,"65":0,"66":0,"67":0,"68":0,"69":0,"70":0,"71":0,"72":0,"73":0,"74":0,"75":0,"76":0,"77":0,"78":0,"79":0,"80":0,"81":0,"82":0,"83":0,"84":0,"85":0,"86":0,"87":0,"88":0,"89":0,"90":0,"91":0,"92":0,"93":0,"94":0,"95":0,"96":0,"97":0,"98":0,"99":0,"100":0,"101":0,"102":0,"103":0,"104":0,"105":0,"106":0,"107":0,"108":0,"109":0,"110":0,"111":0,"112":0,"113":0,"114":0,"115":0,"116":0,"117":0,"118":0,"119":0,"120":0,"121":0,"122":0,"123":0,"124":0,"125":0,"126":0,"127":0,"128":0,"129":0,"130":0,"131":0,"132":0,"133":0,"134":0,"135":0,"136":0,"137":0,"138":0,"139":0,"140":0,"141":0,"142":0,"143":0,"144":0,"145":0,"146":0,"147":0,"148":0,"149":0,"150":0,"151":0,"152":0,"153":0,"154":0,"155":0,"156":0,"157":0,"158":0,"159":0},"f":{"0":0,"1":0,"2":0,"3":0,"4":0,"5":0,"6":0,"7":0,"8":0,"9":0,"10":0,"11":0,"12":0},"b":{"0":[0,0],"1":[0,0],"2":[0,0],"3":[0,0],"4":[0,0],"5":[0,0],"6":[0,0],"7":[0,0],"8":[0,0],"9":[0,0],"10":[0,0],"11":[0,0],"12":[0,0],"13":[0,0],"14":[0,0],"15":[0,0],"16":[0,0],"17":[0,0],"18":[0,0],"19":[0,0],"20":[0,0]},"_coverageSchema":"1a1c01bbd47fc00a2c39e90264f33305004495a9","hash":"3c00d3bc20592a1bbe2162224a11c165ee33d618"}
,"/home/elkin/Projects/javascript/Geopack/scripts/historical.js": {"path":"/home/elkin/Projects/javascript/Geopack/scripts/historical.js","statementMap":{"0":{"start":{"line":10,"column":13},"end":{"line":10,"column":38}},"1":{"start":{"line":11,"column":8},"end":{"line":11,"column":25}},"2":{"start":{"line":12,"column":18},"end":{"line":12,"column":47}},"3":{"start":{"line":13,"column":13},"end":{"line":13,"column":44}},"4":{"start":{"line":20,"column":13},"end":{"line":20,"column":15}},"5":{"start":{"line":21,"column":13},"end":{"line":21,"column":39}},"6":{"start":{"line":24,"column":0},"end":{"line":108,"column":1}},"7":{"start":{"line":26,"column":4},"end":{"line":26,"column":58}},"8":{"start":{"line":27,"column":4},"end":{"line":27,"column":61}},"9":{"start":{"line":28,"column":4},"end":{"line":28,"column":77}},"10":{"start":{"line":29,"column":4},"end":{"line":29,"column":51}},"11":{"start":{"line":30,"column":19},"end":{"line":30,"column":21}},"12":{"start":{"line":31,"column":18},"end":{"line":31,"column":89}},"13":{"start":{"line":32,"column":19},"end":{"line":32,"column":21}},"14":{"start":{"line":33,"column":28},"end":{"line":33,"column":30}},"15":{"start":{"line":34,"column":16},"end":{"line":34,"column":18}},"16":{"start":{"line":35,"column":17},"end":{"line":35,"column":19}},"17":{"start":{"line":38,"column":4},"end":{"line":105,"column":7}},"18":{"start":{"line":46,"column":34},"end":{"line":46,"column":53}},"19":{"start":{"line":47,"column":8},"end":{"line":47,"column":48}},"20":{"start":{"line":48,"column":8},"end":{"line":48,"column":44}},"21":{"start":{"line":49,"column":8},"end":{"line":49,"column":38}},"22":{"start":{"line":50,"column":8},"end":{"line":50,"column":43}},"23":{"start":{"line":51,"column":29},"end":{"line":51,"column":61}},"24":{"start":{"line":52,"column":21},"end":{"line":52,"column":28}},"25":{"start":{"line":53,"column":20},"end":{"line":53,"column":72}},"26":{"start":{"line":54,"column":8},"end":{"line":54,"column":82}},"27":{"start":{"line":55,"column":28},"end":{"line":61,"column":9}},"28":{"start":{"line":62,"column":8},"end":{"line":62,"column":39}},"29":{"start":{"line":63,"column":25},"end":{"line":63,"column":90}},"30":{"start":{"line":65,"column":10},"end":{"line":102,"column":12}},"31":{"start":{"line":72,"column":14},"end":{"line":72,"column":59}},"32":{"start":{"line":74,"column":14},"end":{"line":76,"column":15}},"33":{"start":{"line":75,"column":16},"end":{"line":75,"column":96}},"34":{"start":{"line":78,"column":27},"end":{"line":98,"column":15}},"35":{"start":{"line":99,"column":14},"end":{"line":99,"column":40}},"36":{"start":{"line":100,"column":14},"end":{"line":100,"column":70}}},"fnMap":{"0":{"name":"(anonymous_0)","decl":{"start":{"line":25,"column":9},"end":{"line":25,"column":10}},"loc":{"start":{"line":25,"column":61},"end":{"line":106,"column":3}},"line":25},"1":{"name":"(anonymous_1)","decl":{"start":{"line":43,"column":15},"end":{"line":43,"column":16}},"loc":{"start":{"line":43,"column":30},"end":{"line":103,"column":7}},"line":43},"2":{"name":"(anonymous_2)","decl":{"start":{"line":71,"column":21},"end":{"line":71,"column":22}},"loc":{"start":{"line":71,"column":37},"end":{"line":101,"column":15}},"line":71}},"branchMap":{"0":{"loc":{"start":{"line":26,"column":12},"end":{"line":26,"column":57}},"type":"cond-expr","locations":[{"start":{"line":26,"column":46},"end":{"line":26,"column":51}},{"start":{"line":26,"column":54},"end":{"line":26,"column":57}}],"line":26},"1":{"loc":{"start":{"line":27,"column":13},"end":{"line":27,"column":60}},"type":"cond-expr","locations":[{"start":{"line":27,"column":48},"end":{"line":27,"column":54}},{"start":{"line":27,"column":57},"end":{"line":27,"column":60}}],"line":27},"2":{"loc":{"start":{"line":28,"column":12},"end":{"line":28,"column":76}},"type":"cond-expr","locations":[{"start":{"line":28,"column":46},"end":{"line":28,"column":51}},{"start":{"line":28,"column":54},"end":{"line":28,"column":76}}],"line":28},"3":{"loc":{"start":{"line":29,"column":9},"end":{"line":29,"column":50}},"type":"cond-expr","locations":[{"start":{"line":29,"column":40},"end":{"line":29,"column":42}},{"start":{"line":29,"column":45},"end":{"line":29,"column":50}}],"line":29},"4":{"loc":{"start":{"line":74,"column":14},"end":{"line":76,"column":15}},"type":"if","locations":[{"start":{"line":74,"column":14},"end":{"line":76,"column":15}},{"start":{"line":74,"column":14},"end":{"line":76,"column":15}}],"line":74}},"s":{"0":1,"1":1,"2":1,"3":1,"4":1,"5":1,"6":1,"7":0,"8":0,"9":0,"10":0,"11":0,"12":0,"13":0,"14":0,"15":0,"16":0,"17":0,"18":0,"19":0,"20":0,"21":0,"22":0,"23":0,"24":0,"25":0,"26":0,"27":0,"28":0,"29":0,"30":0,"31":0,"32":0,"33":0,"34":0,"35":0,"36":0},"f":{"0":0,"1":0,"2":0},"b":{"0":[0,0],"1":[0,0],"2":[0,0],"3":[0,0],"4":[0,0]},"_coverageSchema":"1a1c01bbd47fc00a2c39e90264f33305004495a9","hash":"814bad9e3dc7b4da3fb9a1c66f7c62d362206645"}
,"/home/elkin/Projects/javascript/Geopack/scripts/returnPeriods.js": {"path":"/home/elkin/Projects/javascript/Geopack/scripts/returnPeriods.js","statementMap":{"0":{"start":{"line":10,"column":13},"end":{"line":10,"column":38}},"1":{"start":{"line":11,"column":8},"end":{"line":11,"column":25}},"2":{"start":{"line":12,"column":18},"end":{"line":12,"column":47}},"3":{"start":{"line":13,"column":13},"end":{"line":13,"column":44}},"4":{"start":{"line":20,"column":13},"end":{"line":20,"column":15}},"5":{"start":{"line":21,"column":13},"end":{"line":21,"column":39}},"6":{"start":{"line":24,"column":0},"end":{"line":108,"column":1}},"7":{"start":{"line":26,"column":4},"end":{"line":26,"column":58}},"8":{"start":{"line":27,"column":4},"end":{"line":27,"column":61}},"9":{"start":{"line":28,"column":4},"end":{"line":28,"column":77}},"10":{"start":{"line":29,"column":4},"end":{"line":29,"column":51}},"11":{"start":{"line":30,"column":19},"end":{"line":30,"column":21}},"12":{"start":{"line":31,"column":18},"end":{"line":31,"column":89}},"13":{"start":{"line":32,"column":19},"end":{"line":32,"column":21}},"14":{"start":{"line":33,"column":28},"end":{"line":33,"column":30}},"15":{"start":{"line":34,"column":16},"end":{"line":34,"column":18}},"16":{"start":{"line":35,"column":17},"end":{"line":35,"column":19}},"17":{"start":{"line":38,"column":4},"end":{"line":105,"column":7}},"18":{"start":{"line":46,"column":34},"end":{"line":46,"column":53}},"19":{"start":{"line":47,"column":8},"end":{"line":47,"column":48}},"20":{"start":{"line":48,"column":8},"end":{"line":48,"column":44}},"21":{"start":{"line":49,"column":8},"end":{"line":49,"column":38}},"22":{"start":{"line":50,"column":8},"end":{"line":50,"column":43}},"23":{"start":{"line":51,"column":29},"end":{"line":51,"column":61}},"24":{"start":{"line":52,"column":21},"end":{"line":52,"column":28}},"25":{"start":{"line":53,"column":20},"end":{"line":53,"column":72}},"26":{"start":{"line":54,"column":8},"end":{"line":54,"column":82}},"27":{"start":{"line":55,"column":28},"end":{"line":61,"column":9}},"28":{"start":{"line":62,"column":8},"end":{"line":62,"column":39}},"29":{"start":{"line":63,"column":25},"end":{"line":63,"column":90}},"30":{"start":{"line":65,"column":10},"end":{"line":102,"column":12}},"31":{"start":{"line":72,"column":14},"end":{"line":72,"column":59}},"32":{"start":{"line":74,"column":14},"end":{"line":76,"column":15}},"33":{"start":{"line":75,"column":16},"end":{"line":75,"column":96}},"34":{"start":{"line":78,"column":27},"end":{"line":98,"column":15}},"35":{"start":{"line":99,"column":14},"end":{"line":99,"column":40}},"36":{"start":{"line":100,"column":14},"end":{"line":100,"column":70}}},"fnMap":{"0":{"name":"(anonymous_0)","decl":{"start":{"line":25,"column":9},"end":{"line":25,"column":10}},"loc":{"start":{"line":25,"column":61},"end":{"line":106,"column":3}},"line":25},"1":{"name":"(anonymous_1)","decl":{"start":{"line":43,"column":15},"end":{"line":43,"column":16}},"loc":{"start":{"line":43,"column":30},"end":{"line":103,"column":7}},"line":43},"2":{"name":"(anonymous_2)","decl":{"start":{"line":71,"column":21},"end":{"line":71,"column":22}},"loc":{"start":{"line":71,"column":37},"end":{"line":101,"column":15}},"line":71}},"branchMap":{"0":{"loc":{"start":{"line":26,"column":12},"end":{"line":26,"column":57}},"type":"cond-expr","locations":[{"start":{"line":26,"column":46},"end":{"line":26,"column":51}},{"start":{"line":26,"column":54},"end":{"line":26,"column":57}}],"line":26},"1":{"loc":{"start":{"line":27,"column":13},"end":{"line":27,"column":60}},"type":"cond-expr","locations":[{"start":{"line":27,"column":48},"end":{"line":27,"column":54}},{"start":{"line":27,"column":57},"end":{"line":27,"column":60}}],"line":27},"2":{"loc":{"start":{"line":28,"column":12},"end":{"line":28,"column":76}},"type":"cond-expr","locations":[{"start":{"line":28,"column":46},"end":{"line":28,"column":51}},{"start":{"line":28,"column":54},"end":{"line":28,"column":76}}],"line":28},"3":{"loc":{"start":{"line":29,"column":9},"end":{"line":29,"column":50}},"type":"cond-expr","locations":[{"start":{"line":29,"column":40},"end":{"line":29,"column":42}},{"start":{"line":29,"column":45},"end":{"line":29,"column":50}}],"line":29},"4":{"loc":{"start":{"line":74,"column":14},"end":{"line":76,"column":15}},"type":"if","locations":[{"start":{"line":74,"column":14},"end":{"line":76,"column":15}},{"start":{"line":74,"column":14},"end":{"line":76,"column":15}}],"line":74}},"s":{"0":3,"1":3,"2":3,"3":3,"4":3,"5":3,"6":3,"7":0,"8":0,"9":0,"10":0,"11":0,"12":0,"13":0,"14":0,"15":0,"16":0,"17":0,"18":0,"19":0,"20":0,"21":0,"22":0,"23":0,"24":0,"25":0,"26":0,"27":0,"28":0,"29":0,"30":0,"31":0,"32":0,"33":0,"34":0,"35":0,"36":0},"f":{"0":0,"1":0,"2":0},"b":{"0":[0,0],"1":[0,0],"2":[0,0],"3":[0,0],"4":[0,0]},"_coverageSchema":"1a1c01bbd47fc00a2c39e90264f33305004495a9","hash":"498887659615a4bcc86269fb58135ec59344ded1"}
,"/home/elkin/Projects/javascript/Geopack/scripts/seasonal.js": {"path":"/home/elkin/Projects/javascript/Geopack/scripts/seasonal.js","statementMap":{"0":{"start":{"line":10,"column":13},"end":{"line":10,"column":38}},"1":{"start":{"line":11,"column":8},"end":{"line":11,"column":25}},"2":{"start":{"line":12,"column":18},"end":{"line":12,"column":47}},"3":{"start":{"line":13,"column":13},"end":{"line":13,"column":44}},"4":{"start":{"line":19,"column":13},"end":{"line":19,"column":39}},"5":{"start":{"line":22,"column":0},"end":{"line":97,"column":1}},"6":{"start":{"line":24,"column":4},"end":{"line":24,"column":58}},"7":{"start":{"line":25,"column":4},"end":{"line":25,"column":61}},"8":{"start":{"line":26,"column":4},"end":{"line":26,"column":77}},"9":{"start":{"line":27,"column":16},"end":{"line":27,"column":18}},"10":{"start":{"line":28,"column":17},"end":{"line":28,"column":19}},"11":{"start":{"line":30,"column":17},"end":{"line":30,"column":19}},"12":{"start":{"line":31,"column":19},"end":{"line":31,"column":21}},"13":{"start":{"line":32,"column":18},"end":{"line":32,"column":86}},"14":{"start":{"line":33,"column":19},"end":{"line":33,"column":21}},"15":{"start":{"line":35,"column":4},"end":{"line":94,"column":7}},"16":{"start":{"line":43,"column":34},"end":{"line":43,"column":53}},"17":{"start":{"line":44,"column":8},"end":{"line":44,"column":48}},"18":{"start":{"line":45,"column":8},"end":{"line":45,"column":44}},"19":{"start":{"line":46,"column":8},"end":{"line":46,"column":38}},"20":{"start":{"line":47,"column":8},"end":{"line":47,"column":43}},"21":{"start":{"line":48,"column":29},"end":{"line":48,"column":56}},"22":{"start":{"line":49,"column":21},"end":{"line":49,"column":28}},"23":{"start":{"line":50,"column":20},"end":{"line":50,"column":72}},"24":{"start":{"line":51,"column":8},"end":{"line":51,"column":82}},"25":{"start":{"line":56,"column":28},"end":{"line":62,"column":9}},"26":{"start":{"line":63,"column":8},"end":{"line":63,"column":39}},"27":{"start":{"line":65,"column":21},"end":{"line":85,"column":9}},"28":{"start":{"line":90,"column":8},"end":{"line":90,"column":34}},"29":{"start":{"line":91,"column":8},"end":{"line":91,"column":64}}},"fnMap":{"0":{"name":"(anonymous_0)","decl":{"start":{"line":23,"column":9},"end":{"line":23,"column":10}},"loc":{"start":{"line":23,"column":58},"end":{"line":95,"column":3}},"line":23},"1":{"name":"(anonymous_1)","decl":{"start":{"line":40,"column":15},"end":{"line":40,"column":16}},"loc":{"start":{"line":40,"column":30},"end":{"line":52,"column":7}},"line":40},"2":{"name":"(anonymous_2)","decl":{"start":{"line":54,"column":16},"end":{"line":54,"column":17}},"loc":{"start":{"line":54,"column":27},"end":{"line":93,"column":7}},"line":54}},"branchMap":{"0":{"loc":{"start":{"line":24,"column":12},"end":{"line":24,"column":57}},"type":"cond-expr","locations":[{"start":{"line":24,"column":46},"end":{"line":24,"column":51}},{"start":{"line":24,"column":54},"end":{"line":24,"column":57}}],"line":24},"1":{"loc":{"start":{"line":25,"column":13},"end":{"line":25,"column":60}},"type":"cond-expr","locations":[{"start":{"line":25,"column":48},"end":{"line":25,"column":54}},{"start":{"line":25,"column":57},"end":{"line":25,"column":60}}],"line":25},"2":{"loc":{"start":{"line":26,"column":12},"end":{"line":26,"column":76}},"type":"cond-expr","locations":[{"start":{"line":26,"column":46},"end":{"line":26,"column":51}},{"start":{"line":26,"column":54},"end":{"line":26,"column":76}}],"line":26}},"s":{"0":1,"1":1,"2":1,"3":1,"4":1,"5":1,"6":0,"7":0,"8":0,"9":0,"10":0,"11":0,"12":0,"13":0,"14":0,"15":0,"16":0,"17":0,"18":0,"19":0,"20":0,"21":0,"22":0,"23":0,"24":0,"25":0,"26":0,"27":0,"28":0,"29":0},"f":{"0":0,"1":0,"2":0},"b":{"0":[0,0],"1":[0,0],"2":[0,0]},"_coverageSchema":"1a1c01bbd47fc00a2c39e90264f33305004495a9","hash":"e9b1987daf4c3d26be8dc2d3ec8ee30f301cf9dd"}
}
